/*C31*/SET SCHEMA PUBLIC
DISCONNECT
/*C32*/SET SCHEMA PUBLIC
DISCONNECT
/*C33*/SET SCHEMA PUBLIC
DISCONNECT
/*C34*/SET SCHEMA PUBLIC
DISCONNECT
/*C35*/SET SCHEMA PUBLIC
DISCONNECT
/*C39*/SET SCHEMA PUBLIC
INSERT INTO ACTIVIDAD VALUES(1,5,'Examen de DSM para decorar de poliformat y de practicas a la vez ','Descripcion de examen de dsm','2016-05-19',FALSE,0,22.0E0,10,64)
ALTER SEQUENCE PUBLIC.ACTIVIDAD_SQ RESTART WITH 2
COMMIT
DISCONNECT
/*C38*/SET SCHEMA PUBLIC
INSERT INTO EXAMEN VALUES(1,1,NULL,NULL,NULL,FALSE,TRUE)
ALTER SEQUENCE PUBLIC.EXAMEN_SQ RESTART WITH 2
COMMIT
DISCONNECT
/*C37*/SET SCHEMA PUBLIC
INSERT INTO EXAMEN_CLASE VALUES(1,1,FALSE,FALSE)
ALTER SEQUENCE PUBLIC.EXAMEN_CLASE_SQ RESTART WITH 2
COMMIT
DISCONNECT
/*C36*/SET SCHEMA PUBLIC
INSERT INTO EXAMEN_POLIFORMAT VALUES(1,1,FALSE)
ALTER SEQUENCE PUBLIC.EXAMEN_POLIFORMAT_SQ RESTART WITH 2
COMMIT
DISCONNECT
